<<<<<<< HEAD
<<<<<<< HEAD
﻿Build started 1/18/2016 7:19:11 PM.
     1>Project "C:\Users\Trent\Documents\Nusys_stuff\nusys3\nusys\MuPDF.WinRT\Win8\MuPDFWinRT.vcxproj" on node 2 (Build target(s)).
     1>Link:
         MuPDFWinRT.vcxproj -> C:\Users\Trent\Documents\Nusys_stuff\nusys3\nusys\MuPDF.WinRT\Win8\Win32\Debug\MuPDFWinRT.dll
     1>Done Building Project "C:\Users\Trent\Documents\Nusys_stuff\nusys3\nusys\MuPDF.WinRT\Win8\MuPDFWinRT.vcxproj" (Build target(s)).

Build succeeded.

Time Elapsed 00:00:00.46
=======
﻿  libmupdf.lib(doc_document.obj) : MSIL .netmodule or module compiled with /GL found; restarting link with /LTCG; add /LTCG to the link command line to improve linker performance
=======
﻿  Document.cpp
  LinkInfoInternal.cpp
  LinkInfoRemote.cpp
  LinkInfoURI.cpp
  LinkInfoVisitor.cpp
  MuPDFDoc.cpp
  OutlineItem.cpp
  Utilities.cpp
  libmupdf.lib(doc_document.obj) : MSIL .netmodule or module compiled with /GL found; restarting link with /LTCG; add /LTCG to the link command line to improve linker performance
>>>>>>> origin/directx
LINK : warning LNK4075: ignoring '/INCREMENTAL' due to '/LTCG' specification
Document.obj : warning LNK4075: ignoring '/EDITANDCONTINUE' due to '/OPT:ICF' specification
     Creating library Win32\Debug\MuPDFWinRT.lib and object Win32\Debug\MuPDFWinRT.exp
LINK : warning LNK4098: defaultlib 'MSVCRT' conflicts with use of other libs; use /NODEFAULTLIB:library
  Generating code
  Finished generating code
<<<<<<< HEAD
  MuPDFWinRT.vcxproj -> C:\Users\sony\Documents\NuSys_Repo\nusys2\nusys\MuPDF.WinRT\Win8\Win32\Debug\MuPDFWinRT.dll
>>>>>>> origin/trent
=======
  MuPDFWinRT.vcxproj -> C:\Users\Ben Sheeran\Documents\bleh directx\nusys\MuPDF.WinRT\Win8\Win32\Debug\MuPDFWinRT.dll
>>>>>>> origin/directx
