c:\users\nusys\documents\nusys_repo\nusys\mupdf.winrt\win8\win32\release\mupdfwinrt.bsc
c:\users\nusys\documents\nusys_repo\nusys\mupdf.winrt\win8\win32\release\mupdfwinrt\vc120.pdb
c:\users\nusys\documents\nusys_repo\nusys\mupdf.winrt\win8\win32\release\mupdfwinrt.dll
c:\users\nusys\documents\nusys_repo\nusys\mupdf.winrt\win8\win32\release\mupdfwinrt.winmd
c:\users\nusys\documents\nusys_repo\nusys\mupdf.winrt\win8\win32\release\mupdfwinrt.lib
c:\users\nusys\documents\nusys_repo\nusys\mupdf.winrt\win8\win32\release\mupdfwinrt.exp
c:\users\nusys\documents\nusys_repo\nusys\mupdf.winrt\win8\win32\release\mupdfwinrt\priconfig.xml
c:\users\nusys\documents\nusys_repo\nusys\mupdf.winrt\win8\win32\release\mupdfwinrt\priconfig.xml.intermediate
c:\users\nusys\documents\nusys_repo\nusys\mupdf.winrt\win8\win32\release\mupdfwinrt\layout.resfiles
c:\users\nusys\documents\nusys_repo\nusys\mupdf.winrt\win8\win32\release\mupdfwinrt\layout.resfiles.intermediate
c:\users\nusys\documents\nusys_repo\nusys\mupdf.winrt\win8\win32\release\mupdfwinrt\resources.resfiles
c:\users\nusys\documents\nusys_repo\nusys\mupdf.winrt\win8\win32\release\mupdfwinrt\resources.resfiles.intermediate
c:\users\nusys\documents\nusys_repo\nusys\mupdf.winrt\win8\win32\release\mupdfwinrt\pri.resfiles
c:\users\nusys\documents\nusys_repo\nusys\mupdf.winrt\win8\win32\release\mupdfwinrt\pri.resfiles.intermediate
c:\users\nusys\documents\nusys_repo\nusys\mupdf.winrt\win8\win32\release\mupdfwinrt.pri
c:\users\nusys\documents\nusys_repo\nusys\mupdf.winrt\win8\win32\release\mupdfwinrt\qualifiers.txt
c:\users\nusys\documents\nusys_repo\nusys\mupdf.winrt\win8\win32\release\mupdfwinrt\qualifiers.txt.intermediate
c:\users\nusys\documents\nusys_repo\nusys\mupdf.winrt\win8\win32\release\mupdfwinrt\multiplequalifiersperdimensionfound.txt
s:\nusys\mupdf.winrt\win8\win32\release\mupdfwinrt\document.obj
s:\nusys\mupdf.winrt\win8\win32\release\mupdfwinrt\linkinfointernal.obj
s:\nusys\mupdf.winrt\win8\win32\release\mupdfwinrt\linkinforemote.obj
s:\nusys\mupdf.winrt\win8\win32\release\mupdfwinrt\linkinfouri.obj
s:\nusys\mupdf.winrt\win8\win32\release\mupdfwinrt\linkinfovisitor.obj
s:\nusys\mupdf.winrt\win8\win32\release\mupdfwinrt\mupdfdoc.obj
s:\nusys\mupdf.winrt\win8\win32\release\mupdfwinrt\outlineitem.obj
s:\nusys\mupdf.winrt\win8\win32\release\mupdfwinrt\utilities.obj
s:\nusys\mupdf.winrt\win8\win32\release\mupdfwinrt\vc120.pdb
s:\nusys\mupdf.winrt\win8\win32\release\mupdfwinrt\document.sbr
s:\nusys\mupdf.winrt\win8\win32\release\mupdfwinrt\linkinfointernal.sbr
s:\nusys\mupdf.winrt\win8\win32\release\mupdfwinrt\linkinforemote.sbr
s:\nusys\mupdf.winrt\win8\win32\release\mupdfwinrt\linkinfouri.sbr
s:\nusys\mupdf.winrt\win8\win32\release\mupdfwinrt\linkinfovisitor.sbr
s:\nusys\mupdf.winrt\win8\win32\release\mupdfwinrt\mupdfdoc.sbr
s:\nusys\mupdf.winrt\win8\win32\release\mupdfwinrt\outlineitem.sbr
s:\nusys\mupdf.winrt\win8\win32\release\mupdfwinrt\utilities.sbr
s:\nusys\mupdf.winrt\win8\win32\release\mupdfwinrt\priconfig.xml
s:\nusys\mupdf.winrt\win8\win32\release\mupdfwinrt.dll
s:\nusys\mupdf.winrt\win8\win32\release\mupdfwinrt\mupdfwinrt.tlog\bscmake.command.1.tlog
s:\nusys\mupdf.winrt\win8\win32\release\mupdfwinrt\mupdfwinrt.tlog\bscmake.read.1.tlog
s:\nusys\mupdf.winrt\win8\win32\release\mupdfwinrt\mupdfwinrt.tlog\bscmake.write.1.tlog
s:\nusys\mupdf.winrt\win8\win32\release\mupdfwinrt\mupdfwinrt.tlog\cl.command.1.tlog
s:\nusys\mupdf.winrt\win8\win32\release\mupdfwinrt\mupdfwinrt.tlog\cl.read.1.tlog
s:\nusys\mupdf.winrt\win8\win32\release\mupdfwinrt\mupdfwinrt.tlog\cl.write.1.tlog
s:\nusys\mupdf.winrt\win8\win32\release\mupdfwinrt\mupdfwinrt.tlog\link.command.1.tlog
s:\nusys\mupdf.winrt\win8\win32\release\mupdfwinrt\mupdfwinrt.tlog\link.read.1.tlog
s:\nusys\mupdf.winrt\win8\win32\release\mupdfwinrt\mupdfwinrt.tlog\link.write.1.tlog
s:\nusys\mupdf.winrt\win8\win32\release\mupdfwinrt\mupdfwinrt.tlog\mupdfwinrt.read.1u.tlog
s:\nusys\mupdf.winrt\win8\win32\release\mupdfwinrt\mupdfwinrt.tlog\mupdfwinrt.write.1u.tlog
