Build started 1/21/2016 1:22:30 PM.
     1>Project "S:\NuSys\MuPDF.WinRT\Win8\MuPDFWinRT.vcxproj" on node 2 (Build target(s)).
     1>ClCompile:
         C:\Program Files (x86)\Microsoft Visual Studio 12.0\VC\bin\x86_arm\CL.exe /c /I..\ThirdParty\mupdf\fitz /I..\ThirdParty\mupdf\pdf /IS:\NuSys\MuPDF.WinRT\Win8\ /I"Generated Files\\" /IARM\Debug\MuPDFWinRT\ /Zi /ZW /ZW:nostdlib /nologo /W3 /WX- /sdl /MP /Od /Oy- /D _WINRT_DLL /D _WINDLL /D _UNICODE /D UNICODE /D _DEBUG /D WINAPI_FAMILY=WINAPI_FAMILY_APP /Gm- /EHsc /RTC1 /MDd /GS /fp:precise /Zc:wchar_t /Zc:forScope /Fo"ARM\Debug\MuPDFWinRT\\" /Fd"ARM\Debug\MuPDFWinRT\vc120.pdb" /Gd /TP /FU"C:\Program Files (x86)\Microsoft SDKs\Windows\v8.1\ExtensionSDKs\Microsoft.VCLibs\12.0\References\CommonConfiguration\neutral\platform.winmd" /FU"C:\Program Files (x86)\Windows Kits\8.1\References\CommonConfiguration\Neutral\Windows.winmd" /FU"C:\Program Files (x86)\Windows Kits\8.1\References\CommonConfiguration\Neutral\Windows.winmd" /analyze- /errorReport:prompt /bigobj ..\Src\Document.cpp ..\Src\LinkInfoInternal.cpp ..\Src\LinkInfoRemote.cpp ..\Src\LinkInfoURI.cpp ..\Src\LinkInfoVisitor.cpp ..\Src\MuPDFDoc.cpp ..\Src\OutlineItem.cpp ..\Src\Utilities.cpp
         Document.cpp
         LinkInfoInternal.cpp
         LinkInfoRemote.cpp
         LinkInfoURI.cpp
         LinkInfoVisitor.cpp
         MuPDFDoc.cpp
         OutlineItem.cpp
         Utilities.cpp
       Link:
         C:\Program Files (x86)\Microsoft Visual Studio 12.0\VC\bin\x86_arm\link.exe /ERRORREPORT:PROMPT /OUT:"ARM\Debug\MuPDFWinRT.dll" /INCREMENTAL /NOLOGO ..\ThirdParty\Win8\ARM\Release\libthirdparty.lib "..\ThirdParty\Win8\ARM\Release\libmupdf-nov8.lib" ..\ThirdParty\Win8\ARM\Release\libmupdf.lib runtimeobject.lib kernel32.lib /MANIFEST:NO /PDB:"ARM\Debug\MuPDFWinRT.pdb" /SUBSYSTEM:CONSOLE /TLBID:1 /APPCONTAINER /WINMD /WINMDFILE:"ARM\Debug\MuPDFWinRT.winmd" /DYNAMICBASE /NXCOMPAT /MACHINE:ARM /DLL ARM\Debug\MuPDFWinRT\Document.obj
         ARM\Debug\MuPDFWinRT\LinkInfoInternal.obj
         ARM\Debug\MuPDFWinRT\LinkInfoRemote.obj
         ARM\Debug\MuPDFWinRT\LinkInfoURI.obj
         ARM\Debug\MuPDFWinRT\LinkInfoVisitor.obj
         ARM\Debug\MuPDFWinRT\MuPDFDoc.obj
         ARM\Debug\MuPDFWinRT\OutlineItem.obj
         ARM\Debug\MuPDFWinRT\Utilities.obj
         libmupdf.lib(doc_document.obj) : MSIL .netmodule or module compiled with /GL found; restarting link with /LTCG; add /LTCG to the link command line to improve linker performance
     1>LINK : warning LNK4075: ignoring '/INCREMENTAL' due to '/LTCG' specification
            Creating library ARM\Debug\MuPDFWinRT.lib and object ARM\Debug\MuPDFWinRT.exp
     1>LINK : warning LNK4098: defaultlib 'MSVCRT' conflicts with use of other libs; use /NODEFAULTLIB:library
         Generating code
         Finished generating code
         MuPDFWinRT.vcxproj -> S:\NuSys\MuPDF.WinRT\Win8\ARM\Debug\MuPDFWinRT.dll
       _GenerateProjectPriFileCore:
         C:\Program Files (x86)\Windows Kits\8.1\bin\x64\MakePri.exe New -ProjectRoot S:\NuSys\MuPDF.WinRT\Win8\ -ConfigXml ARM\Debug\MuPDFWinRT\priconfig.xml -OutputFile S:\NuSys\MuPDF.WinRT\Win8\ARM\Debug\MuPDFWinRT.pri -IndexName MuPDFWinRT -Verbose -Overwrite  
     1>Done Building Project "S:\NuSys\MuPDF.WinRT\Win8\MuPDFWinRT.vcxproj" (Build target(s)).

Build succeeded.

Time Elapsed 00:00:12.47
