  Document.cpp
  LinkInfoInternal.cpp
  LinkInfoRemote.cpp
  LinkInfoURI.cpp
  LinkInfoVisitor.cpp
  MuPDFDoc.cpp
  OutlineItem.cpp
  Utilities.cpp
  libmupdf.lib(doc_document.obj) : MSIL .netmodule or module compiled with /GL found; restarting link with /LTCG; add /LTCG to the link command line to improve linker performance
LINK : warning LNK4075: ignoring '/INCREMENTAL' due to '/LTCG' specification
Document.obj : warning LNK4075: ignoring '/EDITANDCONTINUE' due to '/OPT:ICF' specification
     Creating library Win32\Debug\MuPDFWinRT.lib and object Win32\Debug\MuPDFWinRT.exp
LINK : warning LNK4098: defaultlib 'MSVCRT' conflicts with use of other libs; use /NODEFAULTLIB:library
  Generating code
  Finished generating code
<<<<<<< HEAD
<<<<<<< HEAD
  MuPDFWinRT.vcxproj -> C:\Users\miran_000\Documents\NuSys\MuPDFWinRT\Win8\Win32\Debug\MuPDFWinRT.dll
=======
  MuPDFWinRT.vcxproj -> C:\Users\nico\Documents\Nu_Nusys_repo\nusys\MuPDFWinRT\Win8\Win32\Debug\MuPDFWinRT.dll
>>>>>>> 4b60243dea88dd16ab12fa7117b6690641efd1d4
=======
  MuPDFWinRT.vcxproj -> C:\Users\graphics_lab\Documents\Trent_Nusys\nusys_harsh_test\nusys\MuPDFWinRT\Win8\Win32\Debug\MuPDFWinRT.dll
>>>>>>> 3af6a1c002e28e5f43bf5e12862c8552e9764e0c
